2021-03-21 20:43:02.885 [seata-student] [main] WARN  [com.alibaba.cloud.nacos.client.NacosPropertySourceBuilder] -Ignore the empty nacos configuration and get it based on dataId[seata-student] & group[FK-GROUP]
2021-03-21 20:43:02.888 [seata-student] [main] WARN  [com.alibaba.cloud.nacos.client.NacosPropertySourceBuilder] -Ignore the empty nacos configuration and get it based on dataId[seata-student.yml] & group[FK-GROUP]
2021-03-21 20:43:02.889 [seata-student] [main] INFO  [org.springframework.cloud.bootstrap.config.PropertySourceBootstrapConfiguration] -Located property source: [BootstrapPropertySource {name='bootstrapProperties-seata-student.yml,FK-GROUP'}, BootstrapPropertySource {name='bootstrapProperties-seata-student,FK-GROUP'}]
2021-03-21 20:43:02.894 [seata-student] [main] INFO  [com.jzfq.seata.student.SeataStudentApplication] -No active profile set, falling back to default profiles: default
2021-03-21 20:43:04.108 [seata-student] [main] WARN  [org.springframework.boot.actuate.endpoint.EndpointId] -Endpoint ID 'service-registry' contains invalid characters, please migrate to a valid format.
2021-03-21 20:43:04.121 [seata-student] [main] WARN  [org.springframework.boot.actuate.endpoint.EndpointId] -Endpoint ID 'hystrix.stream' contains invalid characters, please migrate to a valid format.
2021-03-21 20:43:04.293 [seata-student] [main] INFO  [org.springframework.cloud.context.scope.GenericScope] -BeanFactory id=d5a23322-6347-30b2-8e38-74fa9d92a058
2021-03-21 20:43:04.316 [seata-student] [main] INFO  [org.springframework.context.support.PostProcessorRegistrationDelegate$BeanPostProcessorChecker] -Bean 'spring.cloud.alibaba.seata-io.seata.spring.boot.autoconfigure.properties.SpringCloudAlibabaConfiguration' of type [io.seata.spring.boot.autoconfigure.properties.SpringCloudAlibabaConfiguration] is not eligible for getting processed by all BeanPostProcessors (for example: not eligible for auto-proxying)
2021-03-21 20:43:04.318 [seata-student] [main] INFO  [org.springframework.context.support.PostProcessorRegistrationDelegate$BeanPostProcessorChecker] -Bean 'seataProperties' of type [io.seata.spring.boot.autoconfigure.properties.SeataProperties] is not eligible for getting processed by all BeanPostProcessors (for example: not eligible for auto-proxying)
2021-03-21 20:43:04.319 [seata-student] [main] INFO  [org.springframework.context.support.PostProcessorRegistrationDelegate$BeanPostProcessorChecker] -Bean 'io.seata.spring.boot.autoconfigure.SeataAutoConfiguration' of type [io.seata.spring.boot.autoconfigure.SeataAutoConfiguration$$EnhancerBySpringCGLIB$$7b01edd6] is not eligible for getting processed by all BeanPostProcessors (for example: not eligible for auto-proxying)
2021-03-21 20:43:04.329 [seata-student] [main] INFO  [org.springframework.context.support.PostProcessorRegistrationDelegate$BeanPostProcessorChecker] -Bean 'springUtils' of type [io.seata.spring.boot.autoconfigure.util.SpringUtils] is not eligible for getting processed by all BeanPostProcessors (for example: not eligible for auto-proxying)
2021-03-21 20:43:04.329 [seata-student] [main] INFO  [io.seata.spring.boot.autoconfigure.SeataAutoConfiguration] -Automatically configure Seata
2021-03-21 20:43:04.337 [seata-student] [main] INFO  [io.seata.config.FileConfiguration] -The file name of the operation is registry
2021-03-21 20:43:04.388 [seata-student] [main] INFO  [io.seata.config.ConfigurationFactory] -load Configuration:FileConfiguration$$EnhancerByCGLIB$$862af1eb
2021-03-21 20:43:04.395 [seata-student] [main] INFO  [org.springframework.context.support.PostProcessorRegistrationDelegate$BeanPostProcessorChecker] -Bean 'configProperties' of type [io.seata.spring.boot.autoconfigure.properties.registry.ConfigProperties] is not eligible for getting processed by all BeanPostProcessors (for example: not eligible for auto-proxying)
2021-03-21 20:43:04.404 [seata-student] [main] INFO  [org.springframework.context.support.PostProcessorRegistrationDelegate$BeanPostProcessorChecker] -Bean 'configNacosProperties' of type [io.seata.spring.boot.autoconfigure.properties.registry.ConfigNacosProperties] is not eligible for getting processed by all BeanPostProcessors (for example: not eligible for auto-proxying)
2021-03-21 20:43:04.539 [seata-student] [main] INFO  [io.seata.spring.annotation.GlobalTransactionScanner] -Initializing Global Transaction Clients ... 
2021-03-21 20:43:04.727 [seata-student] [main] INFO  [io.seata.core.rpc.netty.NettyClientBootstrap] -NettyClientBootstrap has started
2021-03-21 20:43:04.728 [seata-student] [main] INFO  [io.seata.spring.annotation.GlobalTransactionScanner] -Transaction Manager Client is initialized. applicationId[seata-student] txServiceGroup[seata_student_tx_group]
2021-03-21 20:43:04.740 [seata-student] [main] INFO  [io.seata.rm.datasource.AsyncWorker] -Async Commit Buffer Limit: 10000
2021-03-21 20:43:04.741 [seata-student] [main] INFO  [io.seata.rm.datasource.xa.ResourceManagerXA] -ResourceManagerXA init ...
2021-03-21 20:43:04.749 [seata-student] [main] INFO  [io.seata.core.rpc.netty.NettyClientBootstrap] -NettyClientBootstrap has started
2021-03-21 20:43:04.749 [seata-student] [main] INFO  [io.seata.spring.annotation.GlobalTransactionScanner] -Resource Manager is initialized. applicationId[seata-student] txServiceGroup[seata_student_tx_group]
2021-03-21 20:43:04.749 [seata-student] [main] INFO  [io.seata.spring.annotation.GlobalTransactionScanner] -Global Transaction Clients are initialized. 
2021-03-21 20:43:05.336 [seata-student] [main] INFO  [org.springframework.context.support.PostProcessorRegistrationDelegate$BeanPostProcessorChecker] -Bean 'com.alibaba.cloud.seata.feign.SeataFeignClientAutoConfiguration$FeignBeanPostProcessorConfiguration' of type [com.alibaba.cloud.seata.feign.SeataFeignClientAutoConfiguration$FeignBeanPostProcessorConfiguration] is not eligible for getting processed by all BeanPostProcessors (for example: not eligible for auto-proxying)
2021-03-21 20:43:05.341 [seata-student] [main] INFO  [org.springframework.context.support.PostProcessorRegistrationDelegate$BeanPostProcessorChecker] -Bean 'seataFeignObjectWrapper' of type [com.alibaba.cloud.seata.feign.SeataFeignObjectWrapper] is not eligible for getting processed by all BeanPostProcessors (for example: not eligible for auto-proxying)
2021-03-21 20:43:05.850 [seata-student] [main] INFO  [org.springframework.boot.web.embedded.tomcat.TomcatWebServer] -Tomcat initialized with port(s): 8847 (http)
2021-03-21 20:43:05.864 [seata-student] [main] INFO  [org.apache.coyote.http11.Http11NioProtocol] -Initializing ProtocolHandler ["http-nio-8847"]
2021-03-21 20:43:05.865 [seata-student] [main] INFO  [org.apache.catalina.core.StandardService] -Starting service [Tomcat]
2021-03-21 20:43:05.865 [seata-student] [main] INFO  [org.apache.catalina.core.StandardEngine] -Starting Servlet engine: [Apache Tomcat/9.0.43]
2021-03-21 20:43:06.070 [seata-student] [main] INFO  [org.springframework.boot.web.servlet.context.ServletWebServerApplicationContext] -Root WebApplicationContext: initialization completed in 3143 ms
2021-03-21 20:43:06.220 [seata-student] [main] WARN  [com.netflix.config.sources.URLConfigurationSource] -No URLs will be polled as dynamic configuration sources.
2021-03-21 20:43:09.364 [seata-student] [main] WARN  [com.netflix.config.sources.URLConfigurationSource] -No URLs will be polled as dynamic configuration sources.
2021-03-21 20:43:10.330 [seata-student] [main] INFO  [org.springframework.scheduling.concurrent.ThreadPoolTaskScheduler] -Initializing ExecutorService 'Nacos-Watch-Task-Scheduler'
2021-03-21 20:43:11.806 [seata-student] [main] INFO  [org.springframework.boot.actuate.endpoint.web.EndpointLinksResolver] -Exposing 2 endpoint(s) beneath base path '/actuator'
2021-03-21 20:43:11.961 [seata-student] [main] INFO  [org.apache.coyote.http11.Http11NioProtocol] -Starting ProtocolHandler ["http-nio-8847"]
2021-03-21 20:43:11.979 [seata-student] [main] INFO  [org.springframework.boot.web.embedded.tomcat.TomcatWebServer] -Tomcat started on port(s): 8847 (http) with context path ''
2021-03-21 20:43:12.791 [seata-student] [main] INFO  [com.jzfq.seata.student.SeataStudentApplication] -Started SeataStudentApplication in 13.536 seconds (JVM running for 15.608)
2021-03-21 20:43:14.304 [seata-student] [RMI TCP Connection(3)-192.168.200.1] INFO  [org.springframework.web.servlet.DispatcherServlet] -Initializing Servlet 'dispatcherServlet'
2021-03-21 20:43:14.314 [seata-student] [RMI TCP Connection(3)-192.168.200.1] INFO  [org.springframework.web.servlet.DispatcherServlet] -Completed initialization in 10 ms
2021-03-21 20:44:04.935 [seata-student] [timeoutChecker_1_1] ERROR [io.seata.core.rpc.netty.NettyClientChannelManager] -can not get cluster name in registry config 'service.vgroupMapping.seata_student_tx_group', please make sure registry config correct
2021-03-21 20:44:05.335 [seata-student] [timeoutChecker_2_1] ERROR [io.seata.core.rpc.netty.NettyClientChannelManager] -can not get cluster name in registry config 'service.vgroupMapping.seata_student_tx_group', please make sure registry config correct
2021-03-21 20:44:10.482 [seata-student] [SpringContextShutdownHook] INFO  [org.springframework.scheduling.concurrent.ThreadPoolTaskScheduler] -Shutting down ExecutorService 'Nacos-Watch-Task-Scheduler'
2021-03-21 20:44:14.719 [seata-student] [timeoutChecker_1_1] ERROR [io.seata.core.rpc.netty.NettyClientChannelManager] -can not get cluster name in registry config 'service.vgroupMapping.seata_student_tx_group', please make sure registry config correct
2021-03-21 20:44:14.755 [seata-student] [timeoutChecker_2_1] ERROR [io.seata.core.rpc.netty.NettyClientChannelManager] -can not get cluster name in registry config 'service.vgroupMapping.seata_student_tx_group', please make sure registry config correct
2021-03-21 20:44:20.031 [seata-student] [SpringContextShutdownHook] WARN  [com.alibaba.nacos.client.naming] -[NamingHttpClientManager] Start destroying NacosRestTemplate
2021-03-21 20:44:20.031 [seata-student] [SpringContextShutdownHook] WARN  [com.alibaba.nacos.client.naming] -[NamingHttpClientManager] Destruction of the end
2021-03-21 20:44:20.031 [seata-student] [SpringContextShutdownHook] WARN  [org.springframework.beans.factory.support.DisposableBeanAdapter] -Destroy method 'close' on bean with name 'nacosServiceRegistry' threw an exception: java.lang.NullPointerException
